[2019-05-05 21:51:11][ET:0][M:team.uavdetectors.udpserver.UDPServer.start(UDPServer.java:44)]-[DEBUG]Try to start
[2019-05-05 21:51:11][ET:3][M:team.uavdetectors.udpserver.UDPServer.start(UDPServer.java:46)]-[DEBUG]Online(using port:28888)
[2019-05-05 21:51:11][ET:4][M:team.uavdetectors.udpserver.UDPServer$oneServer.run(UDPServer.java:87)]-[DEBUG]data:Self Checking(127.0.0.1:28888)...
[2019-05-05 21:51:11][ET:8][M:team.uavdetectors.udpserver.UDPServer$oneServer.run(UDPServer.java:88)]-[DEBUG]length:33
[2019-05-05 21:51:11][ET:37][M:team.uavdetectors.dao.MongoDBDriver.insertRBD(MongoDBDriver.java:39)]-[DEBUG]{"projectName":"ZJlab. Project","relayList":[],"convergenceList":[],"labelList":[],"timestamp":1557064271106}
[2019-05-05 21:51:13][ET:2048][M:team.uavdetectors.dao.MongoDBDriver.insertRBD(MongoDBDriver.java:39)]-[DEBUG]{"projectName":"ZJlab. Project","relayList":[{"targetName":"GENERATE4DEBUG","xCoordinate":11.040771732369524,"yCoordinate":29.481139039302917,"zCoordinate":89.83482410349214,"timestamp":1557064271124,"stationLabelType":1,"dimensionType":3}],"convergenceList":[],"labelList":[],"timestamp":1557064273159}
[2019-05-05 21:51:15][ET:4053][M:team.uavdetectors.dao.MongoDBDriver.insertRBD(MongoDBDriver.java:39)]-[DEBUG]{"projectName":"ZJlab. Project","relayList":[{"targetName":"GENERATE4DEBUG","xCoordinate":11.040771732369524,"yCoordinate":29.481139039302917,"zCoordinate":89.83482410349214,"timestamp":1557064271124,"stationLabelType":1,"dimensionType":3}],"convergenceList":[],"labelList":[],"timestamp":1557064275164}
[2019-05-05 21:51:16][ET:5008][M:team.uavdetectors.udpserver.UDPServer$oneServer.run(UDPServer.java:87)]-[DEBUG]data:
[2019-05-05 21:51:16][ET:5009][M:team.uavdetectors.udpserver.UDPServer$oneServer.run(UDPServer.java:88)]-[DEBUG]length:0
[2019-05-05 21:51:17][ET:6057][M:team.uavdetectors.dao.MongoDBDriver.insertRBD(MongoDBDriver.java:39)]-[DEBUG]{"projectName":"ZJlab. Project","relayList":[{"targetName":"GENERATE4DEBUG","xCoordinate":39.183794729800624,"yCoordinate":97.3166831221757,"zCoordinate":3.5126505523940588,"timestamp":1557064276122,"stationLabelType":1,"dimensionType":3}],"convergenceList":[],"labelList":[],"timestamp":1557064277168}
[2019-05-05 21:51:19][ET:8061][M:team.uavdetectors.dao.MongoDBDriver.insertRBD(MongoDBDriver.java:39)]-[DEBUG]{"projectName":"ZJlab. Project","relayList":[{"targetName":"GENERATE4DEBUG","xCoordinate":39.183794729800624,"yCoordinate":97.3166831221757,"zCoordinate":3.5126505523940588,"timestamp":1557064276122,"stationLabelType":1,"dimensionType":3}],"convergenceList":[],"labelList":[],"timestamp":1557064279172}
[2019-05-05 21:51:21][ET:10009][M:team.uavdetectors.udpserver.UDPServer$oneServer.run(UDPServer.java:87)]-[DEBUG]data:
[2019-05-05 21:51:21][ET:10010][M:team.uavdetectors.udpserver.UDPServer$oneServer.run(UDPServer.java:88)]-[DEBUG]length:0
[2019-05-05 21:51:21][ET:10065][M:team.uavdetectors.dao.MongoDBDriver.insertRBD(MongoDBDriver.java:39)]-[DEBUG]{"projectName":"ZJlab. Project","relayList":[{"targetName":"GENERATE4DEBUG","xCoordinate":97.04659671646625,"yCoordinate":73.32227797091915,"zCoordinate":36.25399367560234,"timestamp":1557064281123,"stationLabelType":1,"dimensionType":3}],"convergenceList":[],"labelList":[],"timestamp":1557064281176}
[2019-05-05 21:51:23][ET:12068][M:team.uavdetectors.dao.MongoDBDriver.insertRBD(MongoDBDriver.java:39)]-[DEBUG]{"projectName":"ZJlab. Project","relayList":[{"targetName":"GENERATE4DEBUG","xCoordinate":97.04659671646625,"yCoordinate":73.32227797091915,"zCoordinate":36.25399367560234,"timestamp":1557064281123,"stationLabelType":1,"dimensionType":3}],"convergenceList":[],"labelList":[],"timestamp":1557064283179}
[2019-05-05 21:51:25][ET:14072][M:team.uavdetectors.dao.MongoDBDriver.insertRBD(MongoDBDriver.java:39)]-[DEBUG]{"projectName":"ZJlab. Project","relayList":[{"targetName":"GENERATE4DEBUG","xCoordinate":97.04659671646625,"yCoordinate":73.32227797091915,"zCoordinate":36.25399367560234,"timestamp":1557064281123,"stationLabelType":1,"dimensionType":3}],"convergenceList":[],"labelList":[],"timestamp":1557064285183}
[2019-05-05 21:51:26][ET:15010][M:team.uavdetectors.udpserver.UDPServer$oneServer.run(UDPServer.java:87)]-[DEBUG]data:
[2019-05-05 21:51:26][ET:15011][M:team.uavdetectors.udpserver.UDPServer$oneServer.run(UDPServer.java:88)]-[DEBUG]length:0
[2019-05-05 21:51:27][ET:16076][M:team.uavdetectors.dao.MongoDBDriver.insertRBD(MongoDBDriver.java:39)]-[DEBUG]{"projectName":"ZJlab. Project","relayList":[{"targetName":"GENERATE4DEBUG","xCoordinate":88.50091640744193,"yCoordinate":46.62090003190662,"zCoordinate":6.547319759827253,"timestamp":1557064286124,"stationLabelType":1,"dimensionType":3}],"convergenceList":[],"labelList":[],"timestamp":1557064287187}
[2019-05-05 21:51:29][ET:18079][M:team.uavdetectors.dao.MongoDBDriver.insertRBD(MongoDBDriver.java:39)]-[DEBUG]{"projectName":"ZJlab. Project","relayList":[{"targetName":"GENERATE4DEBUG","xCoordinate":88.50091640744193,"yCoordinate":46.62090003190662,"zCoordinate":6.547319759827253,"timestamp":1557064286124,"stationLabelType":1,"dimensionType":3}],"convergenceList":[],"labelList":[],"timestamp":1557064289191}
[2019-05-05 21:51:31][ET:20010][M:team.uavdetectors.udpserver.UDPServer$oneServer.run(UDPServer.java:87)]-[DEBUG]data:
[2019-05-05 21:51:31][ET:20011][M:team.uavdetectors.udpserver.UDPServer$oneServer.run(UDPServer.java:88)]-[DEBUG]length:0
[2019-05-05 21:51:31][ET:20083][M:team.uavdetectors.dao.MongoDBDriver.insertRBD(MongoDBDriver.java:39)]-[DEBUG]{"projectName":"ZJlab. Project","relayList":[{"targetName":"GENERATE4DEBUG","xCoordinate":41.461300804461246,"yCoordinate":50.11067053604699,"zCoordinate":33.709447464037254,"timestamp":1557064291124,"stationLabelType":1,"dimensionType":3}],"convergenceList":[],"labelList":[],"timestamp":1557064291194}
[2019-05-05 21:51:33][ET:22086][M:team.uavdetectors.dao.MongoDBDriver.insertRBD(MongoDBDriver.java:39)]-[DEBUG]{"projectName":"ZJlab. Project","relayList":[{"targetName":"GENERATE4DEBUG","xCoordinate":41.461300804461246,"yCoordinate":50.11067053604699,"zCoordinate":33.709447464037254,"timestamp":1557064291124,"stationLabelType":1,"dimensionType":3}],"convergenceList":[],"labelList":[],"timestamp":1557064293197}
[2019-05-05 21:51:35][ET:24088][M:team.uavdetectors.dao.MongoDBDriver.insertRBD(MongoDBDriver.java:39)]-[DEBUG]{"projectName":"ZJlab. Project","relayList":[{"targetName":"GENERATE4DEBUG","xCoordinate":41.461300804461246,"yCoordinate":50.11067053604699,"zCoordinate":33.709447464037254,"timestamp":1557064291124,"stationLabelType":1,"dimensionType":3}],"convergenceList":[],"labelList":[],"timestamp":1557064295200}
[2019-05-05 21:51:36][ET:25010][M:team.uavdetectors.udpserver.UDPServer$oneServer.run(UDPServer.java:87)]-[DEBUG]data:
[2019-05-05 21:51:36][ET:25011][M:team.uavdetectors.udpserver.UDPServer$oneServer.run(UDPServer.java:88)]-[DEBUG]length:0
[2019-05-05 21:51:37][ET:26092][M:team.uavdetectors.dao.MongoDBDriver.insertRBD(MongoDBDriver.java:39)]-[DEBUG]{"projectName":"ZJlab. Project","relayList":[{"targetName":"GENERATE4DEBUG","xCoordinate":43.71205336641126,"yCoordinate":49.82884549854219,"zCoordinate":0.12945071307988165,"timestamp":1557064296124,"stationLabelType":1,"dimensionType":3}],"convergenceList":[],"labelList":[],"timestamp":1557064297204}
[2019-05-05 21:51:39][ET:28095][M:team.uavdetectors.dao.MongoDBDriver.insertRBD(MongoDBDriver.java:39)]-[DEBUG]{"projectName":"ZJlab. Project","relayList":[{"targetName":"GENERATE4DEBUG","xCoordinate":43.71205336641126,"yCoordinate":49.82884549854219,"zCoordinate":0.12945071307988165,"timestamp":1557064296124,"stationLabelType":1,"dimensionType":3}],"convergenceList":[],"labelList":[],"timestamp":1557064299206}
[2019-05-05 21:51:41][ET:30011][M:team.uavdetectors.udpserver.UDPServer$oneServer.run(UDPServer.java:87)]-[DEBUG]data:
[2019-05-05 21:51:41][ET:30012][M:team.uavdetectors.udpserver.UDPServer$oneServer.run(UDPServer.java:88)]-[DEBUG]length:0
[2019-05-05 21:51:41][ET:30097][M:team.uavdetectors.dao.MongoDBDriver.insertRBD(MongoDBDriver.java:39)]-[DEBUG]{"projectName":"ZJlab. Project","relayList":[{"targetName":"GENERATE4DEBUG","xCoordinate":17.963404530911,"yCoordinate":73.4125433501865,"zCoordinate":63.49809743424271,"timestamp":1557064301125,"stationLabelType":1,"dimensionType":3}],"convergenceList":[],"labelList":[],"timestamp":1557064301209}
[2019-05-05 21:51:43][ET:32100][M:team.uavdetectors.dao.MongoDBDriver.insertRBD(MongoDBDriver.java:39)]-[DEBUG]{"projectName":"ZJlab. Project","relayList":[{"targetName":"GENERATE4DEBUG","xCoordinate":17.963404530911,"yCoordinate":73.4125433501865,"zCoordinate":63.49809743424271,"timestamp":1557064301125,"stationLabelType":1,"dimensionType":3}],"convergenceList":[],"labelList":[],"timestamp":1557064303212}
[2019-05-05 21:51:45][ET:34102][M:team.uavdetectors.dao.MongoDBDriver.insertRBD(MongoDBDriver.java:39)]-[DEBUG]{"projectName":"ZJlab. Project","relayList":[{"targetName":"GENERATE4DEBUG","xCoordinate":17.963404530911,"yCoordinate":73.4125433501865,"zCoordinate":63.49809743424271,"timestamp":1557064301125,"stationLabelType":1,"dimensionType":3}],"convergenceList":[],"labelList":[],"timestamp":1557064305214}
[2019-05-05 21:51:46][ET:35011][M:team.uavdetectors.udpserver.UDPServer$oneServer.run(UDPServer.java:87)]-[DEBUG]data:
[2019-05-05 21:51:46][ET:35012][M:team.uavdetectors.udpserver.UDPServer$oneServer.run(UDPServer.java:88)]-[DEBUG]length:0
[2019-05-05 21:51:47][ET:36105][M:team.uavdetectors.dao.MongoDBDriver.insertRBD(MongoDBDriver.java:39)]-[DEBUG]{"projectName":"ZJlab. Project","relayList":[{"targetName":"GENERATE4DEBUG","xCoordinate":67.31734967932339,"yCoordinate":0.2567885238525136,"zCoordinate":93.29018126746422,"timestamp":1557064306125,"stationLabelType":1,"dimensionType":3}],"convergenceList":[],"labelList":[],"timestamp":1557064307217}
[2019-05-05 21:51:49][ET:38108][M:team.uavdetectors.dao.MongoDBDriver.insertRBD(MongoDBDriver.java:39)]-[DEBUG]{"projectName":"ZJlab. Project","relayList":[{"targetName":"GENERATE4DEBUG","xCoordinate":67.31734967932339,"yCoordinate":0.2567885238525136,"zCoordinate":93.29018126746422,"timestamp":1557064306125,"stationLabelType":1,"dimensionType":3}],"convergenceList":[],"labelList":[],"timestamp":1557064309220}
[2019-05-05 21:51:51][ET:40012][M:team.uavdetectors.udpserver.UDPServer$oneServer.run(UDPServer.java:87)]-[DEBUG]data:
[2019-05-05 21:51:51][ET:40012][M:team.uavdetectors.udpserver.UDPServer$oneServer.run(UDPServer.java:88)]-[DEBUG]length:0
[2019-05-05 21:51:51][ET:40111][M:team.uavdetectors.dao.MongoDBDriver.insertRBD(MongoDBDriver.java:39)]-[DEBUG]{"projectName":"ZJlab. Project","relayList":[{"targetName":"GENERATE4DEBUG","xCoordinate":38.159720016349084,"yCoordinate":96.90966127916525,"zCoordinate":83.39189343875825,"timestamp":1557064311125,"stationLabelType":1,"dimensionType":3}],"convergenceList":[],"labelList":[],"timestamp":1557064311223}
[2019-05-05 21:51:53][ET:42116][M:team.uavdetectors.dao.MongoDBDriver.insertRBD(MongoDBDriver.java:39)]-[DEBUG]{"projectName":"ZJlab. Project","relayList":[{"targetName":"GENERATE4DEBUG","xCoordinate":38.159720016349084,"yCoordinate":96.90966127916525,"zCoordinate":83.39189343875825,"timestamp":1557064311125,"stationLabelType":1,"dimensionType":3}],"convergenceList":[],"labelList":[],"timestamp":1557064313227}
[2019-05-05 21:51:55][ET:44119][M:team.uavdetectors.dao.MongoDBDriver.insertRBD(MongoDBDriver.java:39)]-[DEBUG]{"projectName":"ZJlab. Project","relayList":[{"targetName":"GENERATE4DEBUG","xCoordinate":38.159720016349084,"yCoordinate":96.90966127916525,"zCoordinate":83.39189343875825,"timestamp":1557064311125,"stationLabelType":1,"dimensionType":3}],"convergenceList":[],"labelList":[],"timestamp":1557064315231}
[2019-05-05 21:51:56][ET:45012][M:team.uavdetectors.udpserver.UDPServer$oneServer.run(UDPServer.java:87)]-[DEBUG]data:
[2019-05-05 21:51:56][ET:45013][M:team.uavdetectors.udpserver.UDPServer$oneServer.run(UDPServer.java:88)]-[DEBUG]length:0
[2019-05-05 21:51:57][ET:46123][M:team.uavdetectors.dao.MongoDBDriver.insertRBD(MongoDBDriver.java:39)]-[DEBUG]{"projectName":"ZJlab. Project","relayList":[{"targetName":"GENERATE4DEBUG","xCoordinate":34.14397931858743,"yCoordinate":28.92661219593431,"zCoordinate":82.81817806322577,"timestamp":1557064316126,"stationLabelType":1,"dimensionType":3}],"convergenceList":[],"labelList":[],"timestamp":1557064317234}
